pg_dump: last built-in OID is 16383
pg_dump: reading extensions
pg_dump: identifying extension members
pg_dump: reading schemas
pg_dump: reading user-defined tables
pg_dump: reading user-defined functions
pg_dump: reading user-defined types
pg_dump: reading procedural languages
pg_dump: reading user-defined aggregate functions
pg_dump: reading user-defined operators
pg_dump: reading user-defined access methods
pg_dump: reading user-defined operator classes
pg_dump: reading user-defined operator families
pg_dump: reading user-defined text search parsers
pg_dump: reading user-defined text search templates
pg_dump: reading user-defined text search dictionaries
pg_dump: reading user-defined text search configurations
pg_dump: reading user-defined foreign-data wrappers
pg_dump: reading user-defined foreign servers
pg_dump: reading default privileges
pg_dump: reading user-defined collations
pg_dump: reading user-defined conversions
pg_dump: reading type casts
pg_dump: reading transforms
pg_dump: reading table inheritance information
pg_dump: reading event triggers
pg_dump: finding extension tables
pg_dump: finding inheritance relationships
pg_dump: reading column info for interesting tables
pg_dump: finding table default expressions
pg_dump: flagging inherited columns in subtables
pg_dump: reading partitioning data
pg_dump: reading indexes
pg_dump: flagging indexes in partitioned tables
pg_dump: reading extended statistics
pg_dump: reading constraints
pg_dump: reading triggers
pg_dump: reading rewrite rules
pg_dump: reading policies
pg_dump: reading row-level security policies
pg_dump: reading publications
pg_dump: reading publication membership of tables
pg_dump: reading publication membership of schemas
pg_dump: reading subscriptions
pg_dump: reading subscription membership of tables
pg_dump: reading large objects
pg_dump: reading dependency data
pg_dump: saving encoding = UTF8
pg_dump: saving "standard_conforming_strings = on"
pg_dump: saving "search_path = "
pg_dump: saving database definition
pg_dump: warning: WITH OIDS is not supported anymore (table "claims1")
pg_dump: warning: WITH OIDS is not supported anymore (table "course1")
pg_dump: warning: WITH OIDS is not supported anymore (table "courseweek1")
pg_dump: warning: WITH OIDS is not supported anymore (table "tutor1")
pg_dump: warning: WITH OIDS is not supported anymore (table "tutorcourse1")
pg_dump: warning: WITH OIDS is not supported anymore (table "tutorial1")
pg_dump: warning: WITH OIDS is not supported anymore (table "tutorialweek1")
pg_dump: warning: WITH OIDS is not supported anymore (table "tutortutorial1")
pg_dump: warning: WITH OIDS is not supported anymore (table "venues1")
pg_dump: warning: WITH OIDS is not supported anymore (table "week1")
pg_dump: warning: WITH OIDS is not supported anymore (table "groups")
pg_dump: warning: WITH OIDS is not supported anymore (table "questions_in_group")
pg_dump: warning: WITH OIDS is not supported anymore (table "responses")
pg_dump: warning: WITH OIDS is not supported anymore (table "responses_update")
pg_dump: warning: WITH OIDS is not supported anymore (table "student_in_groups")
pg_dump: warning: WITH OIDS is not supported anymore (table "choiceskeys")
pg_dump: warning: WITH OIDS is not supported anymore (table "myformula2array")
pg_dump: warning: WITH OIDS is not supported anymore (table "myformulaarray")
pg_dump: warning: WITH OIDS is not supported anymore (table "myfunctionarray")
pg_dump: warning: WITH OIDS is not supported anymore (table "myopsarray")
pg_dump: warning: WITH OIDS is not supported anymore (table "myroles2array")
pg_dump: warning: WITH OIDS is not supported anymore (table "myrolesarray")
pg_dump: warning: WITH OIDS is not supported anymore (table "oparray")
pg_dump: warning: WITH OIDS is not supported anymore (table "textkeys")
pg_dump: warning: WITH OIDS is not supported anymore (table "sessions")
pg_dump: warning: WITH OIDS is not supported anymore (table "answers")
pg_dump: warning: WITH OIDS is not supported anymore (table "age1003h2011_completion_questions")
pg_dump: warning: WITH OIDS is not supported anymore (table "age1003h2012_completion_questions")
pg_dump: warning: WITH OIDS is not supported anymore (table "age1003h2013_completion_questions")
pg_dump: warning: WITH OIDS is not supported anymore (table "age1003h2023_completion_questions")
pg_dump: warning: WITH OIDS is not supported anymore (table "studentclassesnew")
pg_dump: warning: WITH OIDS is not supported anymore (table "chartstable")
pg_dump: warning: WITH OIDS is not supported anymore (table "studentgrades2004")
pg_dump: warning: WITH OIDS is not supported anymore (table "coursetutor")
pg_dump: warning: WITH OIDS is not supported anymore (table "alternativesnumber")
pg_dump: warning: WITH OIDS is not supported anymore (table "answerscurrent")
pg_dump: warning: WITH OIDS is not supported anymore (table "answersold")
pg_dump: warning: WITH OIDS is not supported anymore (table "bio1000h2013_completion_questions")
pg_dump: warning: WITH OIDS is not supported anymore (table "bio1000h2014_completion_questions")
pg_dump: warning: WITH OIDS is not supported anymore (table "chartstable_old")
pg_dump: warning: WITH OIDS is not supported anymore (table "coursetuts2004")
pg_dump: warning: WITH OIDS is not supported anymore (table "coursetuts2005")
pg_dump: warning: WITH OIDS is not supported anymore (table "studentclasses")
pg_dump: warning: WITH OIDS is not supported anymore (table "studentgrades")
pg_dump: warning: WITH OIDS is not supported anymore (table "feedback")
pg_dump: warning: WITH OIDS is not supported anymore (table "feedback_old")
pg_dump: warning: WITH OIDS is not supported anymore (table "gradesupdates")
pg_dump: warning: WITH OIDS is not supported anymore (table "mam1013f2009_completion_questions")
pg_dump: warning: WITH OIDS is not supported anymore (table "mam1013f2010_completion_questions")
pg_dump: warning: WITH OIDS is not supported anymore (table "mam1013f2011_completion_questions")
pg_dump: warning: WITH OIDS is not supported anymore (table "mam1013f2012_completion_questions")
pg_dump: warning: WITH OIDS is not supported anymore (table "mam1013f2013_completion_questions")
pg_dump: warning: WITH OIDS is not supported anymore (table "mam1013f2014_completion_questions")
pg_dump: warning: WITH OIDS is not supported anymore (table "mam1013f2015_completion_questions")
pg_dump: warning: WITH OIDS is not supported anymore (table "mam1013f2016_completion_questions")
pg_dump: warning: WITH OIDS is not supported anymore (table "mam1013f2017_completion_questions")
pg_dump: warning: WITH OIDS is not supported anymore (table "mam1013f2018_completion_questions")
pg_dump: warning: WITH OIDS is not supported anymore (table "mam1013f2019_completion_questions")
pg_dump: warning: WITH OIDS is not supported anymore (table "mam1013f2020_completion_questions")
pg_dump: warning: WITH OIDS is not supported anymore (table "mam1013f2021_completion_questions")
pg_dump: warning: WITH OIDS is not supported anymore (table "mam1013f2022_completion_questions")
pg_dump: warning: WITH OIDS is not supported anymore (table "mam1013f2023_completion_questions")
pg_dump: warning: WITH OIDS is not supported anymore (table "mam1013f2024_completion_questions")
pg_dump: warning: WITH OIDS is not supported anymore (table "mam1013f2025_completion_questions")
pg_dump: warning: WITH OIDS is not supported anymore (table "mam1013s2009_completion_questions")
pg_dump: warning: WITH OIDS is not supported anymore (table "mam1013s2010_completion_questions")
pg_dump: warning: WITH OIDS is not supported anymore (table "mam1013s2011_completion_questions")
pg_dump: warning: WITH OIDS is not supported anymore (table "mam1013s2012_completion_questions")
pg_dump: warning: WITH OIDS is not supported anymore (table "mam1013s2013_completion_questions")
pg_dump: warning: WITH OIDS is not supported anymore (table "mam1013s2014_completion_questions")
pg_dump: warning: WITH OIDS is not supported anymore (table "mam1013s2015_completion_questions")
pg_dump: warning: WITH OIDS is not supported anymore (table "mam1013s2016_completion_questions")
pg_dump: warning: WITH OIDS is not supported anymore (table "mam1013s2017_completion_questions")
pg_dump: warning: WITH OIDS is not supported anymore (table "mam1014f2009_completion_questions")
pg_dump: warning: WITH OIDS is not supported anymore (table "mam1014f2010_completion_questions")
pg_dump: warning: WITH OIDS is not supported anymore (table "mam1014f2011_completion_questions")
pg_dump: warning: WITH OIDS is not supported anymore (table "mam1014f2012_completion_questions")
pg_dump: warning: WITH OIDS is not supported anymore (table "mam1014f2013_completion_questions")
pg_dump: warning: WITH OIDS is not supported anymore (table "mam1014f2014_completion_questions")
pg_dump: warning: WITH OIDS is not supported anymore (table "mam1014f2015_completion_questions")
pg_dump: warning: WITH OIDS is not supported anymore (table "mam1014f2016_completion_questions")
pg_dump: warning: WITH OIDS is not supported anymore (table "mam1014f2017_completion_questions")
pg_dump: warning: WITH OIDS is not supported anymore (table "mam1014f2018_completion_questions")
pg_dump: warning: WITH OIDS is not supported anymore (table "mam1014f2019_completion_questions")
pg_dump: warning: WITH OIDS is not supported anymore (table "mam1014f2020_completion_questions")
pg_dump: warning: WITH OIDS is not supported anymore (table "mam1014f2021_completion_questions")
pg_dump: warning: WITH OIDS is not supported anymore (table "mam1014f2022_completion_questions")
pg_dump: warning: WITH OIDS is not supported anymore (table "mam1014f2023_completion_questions")
pg_dump: warning: WITH OIDS is not supported anymore (table "mam1014f2024_completion_questions")
pg_dump: warning: WITH OIDS is not supported anymore (table "mam1014f2025_completion_questions")
pg_dump: warning: WITH OIDS is not supported anymore (table "mam1015s2017_completion_questions")
pg_dump: warning: WITH OIDS is not supported anymore (table "mam1015s2018_completion_questions")
pg_dump: warning: WITH OIDS is not supported anymore (table "mam1015s2019_completion_questions")
pg_dump: warning: WITH OIDS is not supported anymore (table "mam1015s2020_completion_questions")
pg_dump: warning: WITH OIDS is not supported anymore (table "mam1015s2021_completion_questions")
pg_dump: warning: WITH OIDS is not supported anymore (table "mam1015s2022_completion_questions")
pg_dump: warning: WITH OIDS is not supported anymore (table "mam1015s2023_completion_questions")
pg_dump: warning: WITH OIDS is not supported anymore (table "mam1015s2024_completion_questions")
pg_dump: warning: WITH OIDS is not supported anymore (table "mam1015s2025_completion_questions")
pg_dump: warning: WITH OIDS is not supported anymore (table "mam1016s2013_completion_questions")
pg_dump: warning: WITH OIDS is not supported anymore (table "mam1016s2014_completion_questions")
pg_dump: warning: WITH OIDS is not supported anymore (table "mam1016s2015_completion_questions")
pg_dump: warning: WITH OIDS is not supported anymore (table "mam1016s2016_completion_questions")
pg_dump: warning: WITH OIDS is not supported anymore (table "mam1016s2017_completion_questions")
pg_dump: warning: WITH OIDS is not supported anymore (table "mam1016s2018_completion_questions")
pg_dump: warning: WITH OIDS is not supported anymore (table "mam1016s2019_completion_questions")
pg_dump: warning: WITH OIDS is not supported anymore (table "mam1016s2020_completion_questions")
pg_dump: warning: WITH OIDS is not supported anymore (table "mam1016s2021_completion_questions")
pg_dump: warning: WITH OIDS is not supported anymore (table "mam1016s2022_completion_questions")
pg_dump: warning: WITH OIDS is not supported anymore (table "mam1016s2023_completion_questions")
pg_dump: warning: WITH OIDS is not supported anymore (table "mam1016s2024_completion_questions")
pg_dump: warning: WITH OIDS is not supported anymore (table "mam1016s2025_completion_questions")
pg_dump: warning: WITH OIDS is not supported anymore (table "mam1022f2014_completion_questions")
pg_dump: warning: WITH OIDS is not supported anymore (table "mam1022f2015_completion_questions")
pg_dump: warning: WITH OIDS is not supported anymore (table "mam1022f2016_completion_questions")
pg_dump: warning: WITH OIDS is not supported anymore (table "mam1022f2017_completion_questions")
pg_dump: warning: WITH OIDS is not supported anymore (table "mam1022f2018_completion_questions")
pg_dump: warning: WITH OIDS is not supported anymore (table "mam1022f2019_completion_questions")
pg_dump: warning: WITH OIDS is not supported anymore (table "mam1022f2020_completion_questions")
pg_dump: warning: WITH OIDS is not supported anymore (table "mam1022f2021_completion_questions")
pg_dump: warning: WITH OIDS is not supported anymore (table "mam1022f2022_completion_questions")
pg_dump: warning: WITH OIDS is not supported anymore (table "mam1022f2023_completion_questions")
pg_dump: warning: WITH OIDS is not supported anymore (table "mam1022f2024_completion_questions")
pg_dump: warning: WITH OIDS is not supported anymore (table "mam1022f2025_completion_questions")
pg_dump: warning: WITH OIDS is not supported anymore (table "mamage1003h2023_completion_questions")
pg_dump: warning: WITH OIDS is not supported anymore (table "markingtable")
pg_dump: warning: WITH OIDS is not supported anymore (table "mybuglist")
pg_dump: warning: WITH OIDS is not supported anymore (table "mythesaurus")
pg_dump: warning: WITH OIDS is not supported anymore (table "mythesaurus_old")
pg_dump: warning: WITH OIDS is not supported anymore (table "new2_3mark")
pg_dump: warning: WITH OIDS is not supported anymore (table "newanswers")
pg_dump: warning: WITH OIDS is not supported anymore (table "newsessions")
pg_dump: warning: WITH OIDS is not supported anymore (table "options")
pg_dump: warning: WITH OIDS is not supported anymore (table "paste_errors")
pg_dump: warning: WITH OIDS is not supported anymore (table "peer_feedback")
pg_dump: warning: WITH OIDS is not supported anymore (table "peer_sessions")
pg_dump: warning: WITH OIDS is not supported anymore (table "pph1002s2010_completion_questions")
pg_dump: warning: WITH OIDS is not supported anymore (table "pph1002s2011_completion_questions")
pg_dump: warning: WITH OIDS is not supported anymore (table "pph1002s2012_completion_questions")
pg_dump: warning: WITH OIDS is not supported anymore (table "pph1002s2013_completion_questions")
pg_dump: warning: WITH OIDS is not supported anymore (table "pph1002s2014_completion_questions")
pg_dump: warning: WITH OIDS is not supported anymore (table "pph1002s2015_completion_questions")
pg_dump: warning: WITH OIDS is not supported anymore (table "pph1002s2016_completion_questions")
pg_dump: warning: WITH OIDS is not supported anymore (table "pph1002s2017_completion_questions")
pg_dump: warning: WITH OIDS is not supported anymore (table "pph1002s2018_completion_questions")
pg_dump: warning: WITH OIDS is not supported anymore (table "pph1002s2019_completion_questions")
pg_dump: warning: WITH OIDS is not supported anymore (table "pph1002s2020_completion_questions")
pg_dump: warning: WITH OIDS is not supported anymore (table "pph1002s2021_completion_questions")
pg_dump: warning: WITH OIDS is not supported anymore (table "pph1002s2022_completion_questions")
pg_dump: warning: WITH OIDS is not supported anymore (table "pph1002s2023_completion_questions")
pg_dump: warning: WITH OIDS is not supported anymore (table "pph1002s2024_completion_questions")
pg_dump: warning: WITH OIDS is not supported anymore (table "pph1002s2025_completion_questions")
pg_dump: warning: WITH OIDS is not supported anymore (table "psy1001w2011_completion_questions")
pg_dump: warning: WITH OIDS is not supported anymore (table "psy1001w2012_completion_questions")
pg_dump: warning: WITH OIDS is not supported anymore (table "psy1001w2014_completion_questions")
pg_dump: warning: WITH OIDS is not supported anymore (table "psy1001w2015_completion_questions")
pg_dump: warning: WITH OIDS is not supported anymore (table "psy1001w2016_completion_questions")
pg_dump: warning: WITH OIDS is not supported anymore (table "psy1001w2017_completion_questions")
pg_dump: warning: WITH OIDS is not supported anymore (table "psy1001w2018_completion_questions")
pg_dump: warning: WITH OIDS is not supported anymore (table "psy1001w2019_completion_questions")
pg_dump: warning: WITH OIDS is not supported anymore (table "psy1004f2011_completion_questions")
pg_dump: warning: WITH OIDS is not supported anymore (table "psy1004f2012_completion_questions")
pg_dump: warning: WITH OIDS is not supported anymore (table "psy1006f2011_completion_questions")
pg_dump: warning: WITH OIDS is not supported anymore (table "psy1006f2012_completion_questions")
pg_dump: warning: WITH OIDS is not supported anymore (table "psy2006f2011_completion_questions")
pg_dump: warning: WITH OIDS is not supported anymore (table "psy2006f2012_completion_questions")
pg_dump: warning: WITH OIDS is not supported anymore (table "psy2006f2014_completion_questions")
pg_dump: warning: WITH OIDS is not supported anymore (table "psy2006f2015_completion_questions")
pg_dump: warning: WITH OIDS is not supported anymore (table "psy2006f2016_completion_questions")
pg_dump: warning: WITH OIDS is not supported anymore (table "psy206p2023_completion_questions")
pg_dump: warning: WITH OIDS is not supported anymore (table "psy3007f2023_completion_questions")
pg_dump: warning: WITH OIDS is not supported anymore (table "psy307f_experiments")
pg_dump: warning: WITH OIDS is not supported anymore (table "queryquestions")
pg_dump: warning: WITH OIDS is not supported anymore (table "questions")
pg_dump: warning: WITH OIDS is not supported anymore (table "questions_old")
pg_dump: warning: WITH OIDS is not supported anymore (table "questiontype")
pg_dump: warning: WITH OIDS is not supported anymore (table "selectedstudents")
pg_dump: warning: WITH OIDS is not supported anymore (table "sessions_bck")
pg_dump: warning: WITH OIDS is not supported anymore (table "sessions_old")
pg_dump: warning: WITH OIDS is not supported anymore (table "soc3007f2013_completion_questions")
pg_dump: warning: WITH OIDS is not supported anymore (table "soc424x2023_completion_questions")
pg_dump: warning: WITH OIDS is not supported anymore (table "solutions")
pg_dump: warning: WITH OIDS is not supported anymore (table "solutions2004")
pg_dump: warning: WITH OIDS is not supported anymore (table "solutions2005")
pg_dump: warning: WITH OIDS is not supported anymore (table "solutions2005_old")
pg_dump: warning: WITH OIDS is not supported anymore (table "solutions2006")
pg_dump: warning: WITH OIDS is not supported anymore (table "solutions2007")
pg_dump: warning: WITH OIDS is not supported anymore (table "solutions2008")
pg_dump: warning: WITH OIDS is not supported anymore (table "solutions2009")
pg_dump: warning: WITH OIDS is not supported anymore (table "solutions2010")
pg_dump: warning: WITH OIDS is not supported anymore (table "solutions2011")
pg_dump: warning: WITH OIDS is not supported anymore (table "solutions2012")
pg_dump: warning: WITH OIDS is not supported anymore (table "solutions2013")
pg_dump: warning: WITH OIDS is not supported anymore (table "solutions2014")
pg_dump: warning: WITH OIDS is not supported anymore (table "solutions2015")
pg_dump: warning: WITH OIDS is not supported anymore (table "solutions2016")
pg_dump: warning: WITH OIDS is not supported anymore (table "solutions2017")
pg_dump: warning: WITH OIDS is not supported anymore (table "solutions2018")
pg_dump: warning: WITH OIDS is not supported anymore (table "solutions2019")
pg_dump: warning: WITH OIDS is not supported anymore (table "solutions2020")
pg_dump: warning: WITH OIDS is not supported anymore (table "solutions2021")
pg_dump: warning: WITH OIDS is not supported anymore (table "solutions2022")
pg_dump: warning: WITH OIDS is not supported anymore (table "solutions2023")
pg_dump: warning: WITH OIDS is not supported anymore (table "solutions2024")
pg_dump: warning: WITH OIDS is not supported anymore (table "solutions2025_old")
pg_dump: warning: WITH OIDS is not supported anymore (table ""solutions_Current"")
pg_dump: warning: WITH OIDS is not supported anymore (table "solutions_old")
pg_dump: warning: WITH OIDS is not supported anymore (table "studentclasses_bck")
pg_dump: warning: WITH OIDS is not supported anymore (table "studentclasses_old")
pg_dump: warning: WITH OIDS is not supported anymore (table "studentgradesnew")
pg_dump: warning: WITH OIDS is not supported anymore (table "table1")
pg_dump: warning: WITH OIDS is not supported anymore (table "table_entries")
pg_dump: warning: WITH OIDS is not supported anymore (table "table_names")
pg_dump: warning: WITH OIDS is not supported anymore (table "tutor0012011_completion_questions")
pg_dump: warning: WITH OIDS is not supported anymore (table "tutor0012012_completion_questions")
pg_dump: warning: WITH OIDS is not supported anymore (table "tutor0012013_completion_questions")
pg_dump: warning: WITH OIDS is not supported anymore (table "tutor0012015_completion_questions")
pg_dump: warning: WITH OIDS is not supported anymore (table "tutor0012018_completion_questions")
pg_dump: warning: WITH OIDS is not supported anymore (table "tutor0012019_completion_questions")
pg_dump: warning: WITH OIDS is not supported anymore (table "tutor0012021_completion_questions")
pg_dump: warning: WITH OIDS is not supported anymore (table "studentclasses")
pg_dump: warning: WITH OIDS is not supported anymore (table "submissions")
pg_dump: warning: WITH OIDS is not supported anymore (table "responses")
pg_dump: warning: WITH OIDS is not supported anymore (table "studentmarks")
pg_dump: warning: WITH OIDS is not supported anymore (table "studentnbtmarks")
pg_dump: warning: WITH OIDS is not supported anymore (table "studentquizmarks")
pg_dump: dumping contents of table "claims_schema.claims1"
pg_dump: dumping contents of table "claims_schema.claimsdata1"
pg_dump: dumping contents of table "claims_schema.course1"
pg_dump: dumping contents of table "claims_schema.courseweek1"
pg_dump: dumping contents of table "claims_schema.tutor1"
pg_dump: dumping contents of table "claims_schema.tutorcourse1"
pg_dump: dumping contents of table "claims_schema.tutorial1"
pg_dump: dumping contents of table "claims_schema.tutorialweek1"
pg_dump: dumping contents of table "claims_schema.tutortutorial1"
pg_dump: dumping contents of table "claims_schema.venues1"
pg_dump: dumping contents of table "claims_schema.week1"
pg_dump: dumping contents of table "mam1016s_schema.groups"
pg_dump: dumping contents of table "mam1016s_schema.questions_in_group"
pg_dump: dumping contents of table "mam1016s_schema.responses"
pg_dump: dumping contents of table "mam1016s_schema.responses_update"
pg_dump: dumping contents of table "mam1016s_schema.student_in_groups"
pg_dump: dumping contents of table "marking_schema.choiceskeys"
pg_dump: dumping contents of table "marking_schema.myformula2array"
pg_dump: dumping contents of table "marking_schema.myformulaarray"
pg_dump: dumping contents of table "marking_schema.myfunctionarray"
pg_dump: dumping contents of table "marking_schema.myopsarray"
pg_dump: dumping contents of table "marking_schema.myroles2array"
pg_dump: dumping contents of table "marking_schema.myrolesarray"
pg_dump: dumping contents of table "marking_schema.oparray"
pg_dump: dumping contents of table "marking_schema.textkeys"
pg_dump: dumping contents of table "public.age1003h2011_completion_questions"
pg_dump: dumping contents of table "public.age1003h2012_completion_questions"
pg_dump: dumping contents of table "public.age1003h2013_completion_questions"
pg_dump: dumping contents of table "public.age1003h2023_completion_questions"
pg_dump: dumping contents of table "public.age1003hqueries"
pg_dump: dumping contents of table "public.alternativesnumber"
pg_dump: dumping contents of table "public.answers"
pg_dump: terminated by user
